[0.006s] Invoking command in '/home/william/karura-2025/ros2_ws/build/my_rover': CMAKE_PREFIX_PATH=${CMAKE_PREFIX_PATH}:/opt/ros/humble /usr/bin/cmake /home/william/karura-2025/ros2_ws/src/my_rover -DAMENT_CMAKE_SYMLINK_INSTALL=1 -DCMAKE_INSTALL_PREFIX=/home/william/karura-2025/ros2_ws/install/my_rover
[0.053s] -- The C compiler identification is GNU 11.4.0
[0.095s] -- The CXX compiler identification is GNU 11.4.0
[0.100s] -- Detecting C compiler ABI info
[0.154s] -- Detecting C compiler ABI info - done
[0.159s] -- Check for working C compiler: /usr/bin/cc - skipped
[0.159s] -- Detecting C compile features
[0.159s] -- Detecting C compile features - done
[0.161s] -- Detecting CXX compiler ABI info
[0.217s] -- Detecting CXX compiler ABI info - done
[0.221s] -- Check for working CXX compiler: /usr/bin/c++ - skipped
[0.222s] -- Detecting CXX compile features
[0.222s] -- Detecting CXX compile features - done
[0.223s] -- Found ament_cmake: 1.3.12 (/opt/ros/humble/share/ament_cmake/cmake)
[0.324s] -- Found Python3: /usr/bin/python3 (found version "3.10.12") found components: Interpreter 
[0.362s] -- Override CMake install command with custom implementation using symlinks instead of copying resources
[0.379s] -- Found rclcpp: 16.0.15 (/opt/ros/humble/share/rclcpp/cmake)
[0.405s] -- Found rosidl_generator_c: 3.1.7 (/opt/ros/humble/share/rosidl_generator_c/cmake)
[0.408s] -- Found rosidl_adapter: 3.1.7 (/opt/ros/humble/share/rosidl_adapter/cmake)
[0.413s] -- Found rosidl_generator_cpp: 3.1.7 (/opt/ros/humble/share/rosidl_generator_cpp/cmake)
[0.421s] -- Using all available rosidl_typesupport_c: rosidl_typesupport_fastrtps_c;rosidl_typesupport_introspection_c
[0.431s] -- Using all available rosidl_typesupport_cpp: rosidl_typesupport_fastrtps_cpp;rosidl_typesupport_introspection_cpp
[0.458s] -- Found rmw_implementation_cmake: 6.1.2 (/opt/ros/humble/share/rmw_implementation_cmake/cmake)
[0.460s] -- Found rmw_fastrtps_cpp: 6.2.8 (/opt/ros/humble/share/rmw_fastrtps_cpp/cmake)
[0.527s] -- Found OpenSSL: /usr/lib/x86_64-linux-gnu/libcrypto.so (found version "3.0.2")  
[0.546s] -- Found FastRTPS: /opt/ros/humble/include  
[0.574s] -- Using RMW implementation 'rmw_fastrtps_cpp' as default
[0.579s] -- Looking for pthread.h
[0.651s] -- Looking for pthread.h - found
[0.651s] -- Performing Test CMAKE_HAVE_LIBC_PTHREAD
[0.717s] -- Performing Test CMAKE_HAVE_LIBC_PTHREAD - Success
[0.717s] -- Found Threads: TRUE  
[0.749s] -- Found xacro: 2.1.1 (/opt/ros/humble/share/xacro/cmake)
[0.750s] -- Found ros2_control: 2.52.0 (/opt/ros/humble/share/ros2_control/cmake)
[0.751s] -- Found controller_manager: 2.52.0 (/opt/ros/humble/share/controller_manager/cmake)
[0.870s] -- Found gazebo_ros: 3.9.0 (/opt/ros/humble/share/gazebo_ros/cmake)
[0.877s] -- Found PkgConfig: /usr/bin/pkg-config (found version "0.29.2") 
[0.878s] -- Checking for module 'bullet>=2.82'
[0.887s] --   Found bullet, version 3.05
[0.972s] -- Found fcl: /usr/include (found suitable version "0.7.0", minimum required is "0.5.0") 
[1.015s] -- Found assimp: /usr/include (found version "5.2.0") 
[1.027s] -- Found DART: /usr/include (Required is at least version "6.6") found components: dart 
[1.044s] -- Found Boost: /usr/lib/x86_64-linux-gnu/cmake/Boost-1.74.0/BoostConfig.cmake (found suitable version "1.74.0", minimum required is "1.40.0") found components: thread system filesystem program_options regex iostreams date_time 
[1.053s] -- Found Protobuf: /usr/lib/x86_64-linux-gnu/libprotobuf.so (found version "3.12.4") 
[1.057s] -- Looking for ignition-math6 -- found version 6.15.1
[1.060s] -- Searching for dependencies of ignition-math6
[1.061s] -- Looking for OGRE...
[1.061s] -- OGRE_PREFIX_WATCH changed.
[1.065s] -- Checking for module 'OGRE'
[1.075s] --   Found OGRE, version 1.9.0
[1.104s] -- Found Ogre Ghadamon (1.9.0)
[1.108s] -- Found OGRE: optimized;/usr/lib/x86_64-linux-gnu/libOgreMain.so;debug;/usr/lib/x86_64-linux-gnu/libOgreMain.so
[1.114s] -- Looking for OGRE_Paging...
[1.117s] -- Found OGRE_Paging: optimized;/usr/lib/x86_64-linux-gnu/libOgrePaging.so;debug;/usr/lib/x86_64-linux-gnu/libOgrePaging.so
[1.117s] -- Looking for OGRE_Terrain...
[1.120s] -- Found OGRE_Terrain: optimized;/usr/lib/x86_64-linux-gnu/libOgreTerrain.so;debug;/usr/lib/x86_64-linux-gnu/libOgreTerrain.so
[1.120s] -- Looking for OGRE_Property...
[1.123s] -- Found OGRE_Property: optimized;/usr/lib/x86_64-linux-gnu/libOgreProperty.so;debug;/usr/lib/x86_64-linux-gnu/libOgreProperty.so
[1.123s] -- Looking for OGRE_RTShaderSystem...
[1.126s] -- Found OGRE_RTShaderSystem: optimized;/usr/lib/x86_64-linux-gnu/libOgreRTShaderSystem.so;debug;/usr/lib/x86_64-linux-gnu/libOgreRTShaderSystem.so
[1.126s] -- Looking for OGRE_Volume...
[1.129s] -- Found OGRE_Volume: optimized;/usr/lib/x86_64-linux-gnu/libOgreVolume.so;debug;/usr/lib/x86_64-linux-gnu/libOgreVolume.so
[1.129s] -- Looking for OGRE_Overlay...
[1.132s] -- Found OGRE_Overlay: optimized;/usr/lib/x86_64-linux-gnu/libOgreOverlay.so;debug;/usr/lib/x86_64-linux-gnu/libOgreOverlay.so
[1.193s] -- Looking for ignition-math6 -- found version 6.15.1
[1.195s] -- Looking for ignition-transport8 -- found version 8.2.1
[1.195s] -- Searching for dependencies of ignition-transport8
[1.208s] -- Found Protobuf: /usr/lib/x86_64-linux-gnu/libprotobuf.so (found suitable version "3.12.4", minimum required is "3") 
[1.216s] -- Config-file not installed for ZeroMQ -- checking for pkg-config
[1.220s] -- Checking for module 'libzmq >= 4'
[1.230s] --   Found libzmq , version 4.3.4
[1.259s] -- Found ZeroMQ: TRUE (Required is at least version "4") 
[1.263s] -- Checking for module 'uuid'
[1.273s] --   Found uuid, version 2.37.2
[1.299s] -- Found UUID: TRUE  
[1.301s] -- Looking for ignition-msgs5 -- found version 5.8.1
[1.301s] -- Searching for dependencies of ignition-msgs5
[1.315s] -- Looking for ignition-math6 -- found version 6.15.1
[1.318s] -- Checking for module 'tinyxml2'
[1.328s] --   Found tinyxml2, version 9.0.0
[1.358s] -- Looking for ignition-msgs5 -- found version 5.8.1
[1.359s] -- Looking for ignition-common3 -- found version 3.14.0
[1.360s] -- Searching for dependencies of ignition-common3
[1.360s] -- Looking for dlfcn.h - found
[1.360s] -- Looking for libdl - found
[1.361s] -- Found DL: TRUE  
[1.368s] -- Found tinyobjloader: /usr/lib/x86_64-linux-gnu/cmake/tinyobjloader/tinyobjloader-config.cmake (found version "2.0.0") 
[1.368s] -- Searching for <ignition-common3> component [graphics]
[1.370s] -- Looking for ignition-common3-graphics -- found version 3.14.0
[1.370s] -- Searching for dependencies of ignition-common3-graphics
[1.370s] -- Looking for ignition-math6 -- found version 6.15.1
[1.372s] -- Looking for ignition-fuel_tools4 -- found version 4.4.0
[1.372s] -- Searching for dependencies of ignition-fuel_tools4
[1.433s] -- Found CURL: /usr/lib/x86_64-linux-gnu/libcurl.so (found version "7.81.0")  
[1.442s] -- Checking for module 'jsoncpp'
[1.455s] --   Found jsoncpp, version 1.9.5
[1.483s] -- Found JSONCPP: TRUE  
[1.489s] -- Checking for module 'libzip'
[1.499s] --   Found libzip, version 1.7.3
[1.527s] -- Found ZIP: TRUE  
[1.527s] -- Looking for ignition-common3 -- found version 3.14.0
[1.527s] -- Looking for ignition-math6 -- found version 6.15.1
[1.528s] -- Looking for ignition-msgs5 -- found version 5.8.1
[1.531s] -- Gazebo version: 11.10
[1.531s] -- Checking for module 'tbb'
[1.543s] --   Found tbb, version 2021.5.0
[1.580s] -- Found robot_state_publisher: 3.0.3 (/opt/ros/humble/share/robot_state_publisher/cmake)
[1.590s] -- Found eigen3_cmake_module: 0.1.1 (/opt/ros/humble/share/eigen3_cmake_module/cmake)
[1.592s] -- Found Eigen3: TRUE (found version "3.4.0") 
[1.592s] -- Ensuring Eigen3 include directory is part of orocos-kdl CMake target
[1.691s] -- Configuring done
[1.696s] -- Generating done
[1.698s] -- Build files have been written to: /home/william/karura-2025/ros2_ws/build/my_rover
[1.708s] Invoked command in '/home/william/karura-2025/ros2_ws/build/my_rover' returned '0': CMAKE_PREFIX_PATH=${CMAKE_PREFIX_PATH}:/opt/ros/humble /usr/bin/cmake /home/william/karura-2025/ros2_ws/src/my_rover -DAMENT_CMAKE_SYMLINK_INSTALL=1 -DCMAKE_INSTALL_PREFIX=/home/william/karura-2025/ros2_ws/install/my_rover
[1.709s] Invoking command in '/home/william/karura-2025/ros2_ws/build/my_rover': CMAKE_PREFIX_PATH=${CMAKE_PREFIX_PATH}:/opt/ros/humble /usr/bin/cmake --build /home/william/karura-2025/ros2_ws/build/my_rover -- -j16 -l16
[1.751s] Invoked command in '/home/william/karura-2025/ros2_ws/build/my_rover' returned '0': CMAKE_PREFIX_PATH=${CMAKE_PREFIX_PATH}:/opt/ros/humble /usr/bin/cmake --build /home/william/karura-2025/ros2_ws/build/my_rover -- -j16 -l16
[1.758s] Invoking command in '/home/william/karura-2025/ros2_ws/build/my_rover': CMAKE_PREFIX_PATH=${CMAKE_PREFIX_PATH}:/opt/ros/humble /usr/bin/cmake --install /home/william/karura-2025/ros2_ws/build/my_rover
[1.762s] -- Install configuration: ""
[1.762s] -- Execute custom install script
[1.763s] -- Symlinking: /home/william/karura-2025/ros2_ws/install/my_rover/share/my_rover/urdf/ros2_control.xacro
[1.771s] -- Symlinking: /home/william/karura-2025/ros2_ws/install/my_rover/share/my_rover/urdf/rover.urdf.xacro
[1.779s] -- Symlinking: /home/william/karura-2025/ros2_ws/install/my_rover/share/my_rover/urdf/wheel_macro.xacro
[1.787s] -- Symlinking: /home/william/karura-2025/ros2_ws/install/my_rover/share/my_rover/config/rover_controllers.yaml
[1.795s] -- Symlinking: /home/william/karura-2025/ros2_ws/install/my_rover/share/my_rover/launch/spawn_rover.launch.py
[1.803s] -- Symlinking: /home/william/karura-2025/ros2_ws/install/my_rover/share/my_rover/launch/teleop_twist_keyboard_launch.py
[1.811s] -- Symlinking: /home/william/karura-2025/ros2_ws/install/my_rover/share/ament_index/resource_index/package_run_dependencies/my_rover
[1.819s] -- Symlinking: /home/william/karura-2025/ros2_ws/install/my_rover/share/ament_index/resource_index/parent_prefix_path/my_rover
[1.828s] -- Symlinking: /home/william/karura-2025/ros2_ws/install/my_rover/share/my_rover/environment/ament_prefix_path.sh
[1.834s] -- Symlinking: /home/william/karura-2025/ros2_ws/install/my_rover/share/my_rover/environment/ament_prefix_path.dsv
[1.840s] -- Symlinking: /home/william/karura-2025/ros2_ws/install/my_rover/share/my_rover/environment/path.sh
[1.846s] -- Symlinking: /home/william/karura-2025/ros2_ws/install/my_rover/share/my_rover/environment/path.dsv
[1.851s] -- Symlinking: /home/william/karura-2025/ros2_ws/install/my_rover/share/my_rover/local_setup.bash
[1.857s] -- Symlinking: /home/william/karura-2025/ros2_ws/install/my_rover/share/my_rover/local_setup.sh
[1.862s] -- Symlinking: /home/william/karura-2025/ros2_ws/install/my_rover/share/my_rover/local_setup.zsh
[1.868s] -- Symlinking: /home/william/karura-2025/ros2_ws/install/my_rover/share/my_rover/local_setup.dsv
[1.873s] -- Symlinking: /home/william/karura-2025/ros2_ws/install/my_rover/share/my_rover/package.dsv
[1.879s] -- Symlinking: /home/william/karura-2025/ros2_ws/install/my_rover/share/ament_index/resource_index/packages/my_rover
[1.887s] -- Symlinking: /home/william/karura-2025/ros2_ws/install/my_rover/share/my_rover/cmake/my_roverConfig.cmake
[1.895s] -- Symlinking: /home/william/karura-2025/ros2_ws/install/my_rover/share/my_rover/cmake/my_roverConfig-version.cmake
[1.900s] -- Symlinking: /home/william/karura-2025/ros2_ws/install/my_rover/share/my_rover/package.xml
[1.910s] Invoked command in '/home/william/karura-2025/ros2_ws/build/my_rover' returned '0': CMAKE_PREFIX_PATH=${CMAKE_PREFIX_PATH}:/opt/ros/humble /usr/bin/cmake --install /home/william/karura-2025/ros2_ws/build/my_rover
