[0.007s] Invoking command in '/home/william/karura-2025/ros2_ws/build/my_rover': CMAKE_PREFIX_PATH=${CMAKE_PREFIX_PATH}:/opt/ros/humble /usr/bin/cmake /home/william/karura-2025/ros2_ws/src/my_rover -DAMENT_CMAKE_SYMLINK_INSTALL=1 -DCMAKE_INSTALL_PREFIX=/home/william/karura-2025/ros2_ws/install/my_rover
[0.051s] -- The C compiler identification is GNU 11.4.0
[0.092s] -- The CXX compiler identification is GNU 11.4.0
[0.096s] -- Detecting C compiler ABI info
[0.155s] -- Detecting C compiler ABI info - done
[0.162s] -- Check for working C compiler: /usr/bin/cc - skipped
[0.162s] -- Detecting C compile features
[0.163s] -- Detecting C compile features - done
[0.166s] -- Detecting CXX compiler ABI info
[0.221s] -- Detecting CXX compiler ABI info - done
[0.229s] -- Check for working CXX compiler: /usr/bin/c++ - skipped
[0.229s] -- Detecting CXX compile features
[0.229s] -- Detecting CXX compile features - done
[0.232s] -- Found ament_cmake: 1.3.12 (/opt/ros/humble/share/ament_cmake/cmake)
[0.337s] -- Found Python3: /usr/bin/python3 (found version "3.10.12") found components: Interpreter 
[0.375s] -- Override CMake install command with custom implementation using symlinks instead of copying resources
[0.401s] -- Found rclcpp: 16.0.15 (/opt/ros/humble/share/rclcpp/cmake)
[0.439s] -- Found rosidl_generator_c: 3.1.7 (/opt/ros/humble/share/rosidl_generator_c/cmake)
[0.442s] -- Found rosidl_adapter: 3.1.7 (/opt/ros/humble/share/rosidl_adapter/cmake)
[0.447s] -- Found rosidl_generator_cpp: 3.1.7 (/opt/ros/humble/share/rosidl_generator_cpp/cmake)
[0.454s] -- Using all available rosidl_typesupport_c: rosidl_typesupport_fastrtps_c;rosidl_typesupport_introspection_c
[0.464s] -- Using all available rosidl_typesupport_cpp: rosidl_typesupport_fastrtps_cpp;rosidl_typesupport_introspection_cpp
[0.491s] -- Found rmw_implementation_cmake: 6.1.2 (/opt/ros/humble/share/rmw_implementation_cmake/cmake)
[0.493s] -- Found rmw_fastrtps_cpp: 6.2.8 (/opt/ros/humble/share/rmw_fastrtps_cpp/cmake)
[0.559s] -- Found OpenSSL: /usr/lib/x86_64-linux-gnu/libcrypto.so (found version "3.0.2")  
[0.577s] -- Found FastRTPS: /opt/ros/humble/include  
[0.605s] -- Using RMW implementation 'rmw_fastrtps_cpp' as default
[0.611s] -- Looking for pthread.h
[0.677s] -- Looking for pthread.h - found
[0.678s] -- Performing Test CMAKE_HAVE_LIBC_PTHREAD
[0.741s] -- Performing Test CMAKE_HAVE_LIBC_PTHREAD - Success
[0.742s] -- Found Threads: TRUE  
[0.794s] -- Found xacro: 2.1.1 (/opt/ros/humble/share/xacro/cmake)
[0.795s] -- Found ros2_control: 2.52.0 (/opt/ros/humble/share/ros2_control/cmake)
[0.797s] -- Found controller_manager: 2.52.0 (/opt/ros/humble/share/controller_manager/cmake)
[0.917s] -- Found gazebo_ros: 3.9.0 (/opt/ros/humble/share/gazebo_ros/cmake)
[0.923s] -- Found PkgConfig: /usr/bin/pkg-config (found version "0.29.2") 
[0.924s] -- Checking for module 'bullet>=2.82'
[0.935s] --   Found bullet, version 3.05
[1.019s] -- Found fcl: /usr/include (found suitable version "0.7.0", minimum required is "0.5.0") 
[1.060s] -- Found assimp: /usr/include (found version "5.2.0") 
[1.072s] -- Found DART: /usr/include (Required is at least version "6.6") found components: dart 
[1.089s] -- Found Boost: /usr/lib/x86_64-linux-gnu/cmake/Boost-1.74.0/BoostConfig.cmake (found suitable version "1.74.0", minimum required is "1.40.0") found components: thread system filesystem program_options regex iostreams date_time 
[1.099s] -- Found Protobuf: /usr/lib/x86_64-linux-gnu/libprotobuf.so (found version "3.12.4") 
[1.102s] -- Looking for ignition-math6 -- found version 6.15.1
[1.106s] -- Searching for dependencies of ignition-math6
[1.107s] -- Looking for OGRE...
[1.107s] -- OGRE_PREFIX_WATCH changed.
[1.111s] -- Checking for module 'OGRE'
[1.121s] --   Found OGRE, version 1.9.0
[1.150s] -- Found Ogre Ghadamon (1.9.0)
[1.154s] -- Found OGRE: optimized;/usr/lib/x86_64-linux-gnu/libOgreMain.so;debug;/usr/lib/x86_64-linux-gnu/libOgreMain.so
[1.161s] -- Looking for OGRE_Paging...
[1.164s] -- Found OGRE_Paging: optimized;/usr/lib/x86_64-linux-gnu/libOgrePaging.so;debug;/usr/lib/x86_64-linux-gnu/libOgrePaging.so
[1.164s] -- Looking for OGRE_Terrain...
[1.166s] -- Found OGRE_Terrain: optimized;/usr/lib/x86_64-linux-gnu/libOgreTerrain.so;debug;/usr/lib/x86_64-linux-gnu/libOgreTerrain.so
[1.166s] -- Looking for OGRE_Property...
[1.169s] -- Found OGRE_Property: optimized;/usr/lib/x86_64-linux-gnu/libOgreProperty.so;debug;/usr/lib/x86_64-linux-gnu/libOgreProperty.so
[1.169s] -- Looking for OGRE_RTShaderSystem...
[1.172s] -- Found OGRE_RTShaderSystem: optimized;/usr/lib/x86_64-linux-gnu/libOgreRTShaderSystem.so;debug;/usr/lib/x86_64-linux-gnu/libOgreRTShaderSystem.so
[1.172s] -- Looking for OGRE_Volume...
[1.175s] -- Found OGRE_Volume: optimized;/usr/lib/x86_64-linux-gnu/libOgreVolume.so;debug;/usr/lib/x86_64-linux-gnu/libOgreVolume.so
[1.175s] -- Looking for OGRE_Overlay...
[1.178s] -- Found OGRE_Overlay: optimized;/usr/lib/x86_64-linux-gnu/libOgreOverlay.so;debug;/usr/lib/x86_64-linux-gnu/libOgreOverlay.so
[1.239s] -- Looking for ignition-math6 -- found version 6.15.1
[1.241s] -- Looking for ignition-transport8 -- found version 8.2.1
[1.241s] -- Searching for dependencies of ignition-transport8
[1.254s] -- Found Protobuf: /usr/lib/x86_64-linux-gnu/libprotobuf.so (found suitable version "3.12.4", minimum required is "3") 
[1.262s] -- Config-file not installed for ZeroMQ -- checking for pkg-config
[1.265s] -- Checking for module 'libzmq >= 4'
[1.276s] --   Found libzmq , version 4.3.4
[1.307s] -- Found ZeroMQ: TRUE (Required is at least version "4") 
[1.311s] -- Checking for module 'uuid'
[1.321s] --   Found uuid, version 2.37.2
[1.351s] -- Found UUID: TRUE  
[1.352s] -- Looking for ignition-msgs5 -- found version 5.8.1
[1.352s] -- Searching for dependencies of ignition-msgs5
[1.366s] -- Looking for ignition-math6 -- found version 6.15.1
[1.370s] -- Checking for module 'tinyxml2'
[1.379s] --   Found tinyxml2, version 9.0.0
[1.409s] -- Looking for ignition-msgs5 -- found version 5.8.1
[1.411s] -- Looking for ignition-common3 -- found version 3.14.0
[1.411s] -- Searching for dependencies of ignition-common3
[1.411s] -- Looking for dlfcn.h - found
[1.412s] -- Looking for libdl - found
[1.412s] -- Found DL: TRUE  
[1.420s] -- Found tinyobjloader: /usr/lib/x86_64-linux-gnu/cmake/tinyobjloader/tinyobjloader-config.cmake (found version "2.0.0") 
[1.420s] -- Searching for <ignition-common3> component [graphics]
[1.421s] -- Looking for ignition-common3-graphics -- found version 3.14.0
[1.422s] -- Searching for dependencies of ignition-common3-graphics
[1.422s] -- Looking for ignition-math6 -- found version 6.15.1
[1.423s] -- Looking for ignition-fuel_tools4 -- found version 4.4.0
[1.424s] -- Searching for dependencies of ignition-fuel_tools4
[1.485s] -- Found CURL: /usr/lib/x86_64-linux-gnu/libcurl.so (found version "7.81.0")  
[1.490s] -- Checking for module 'jsoncpp'
[1.501s] --   Found jsoncpp, version 1.9.5
[1.530s] -- Found JSONCPP: TRUE  
[1.534s] -- Checking for module 'libzip'
[1.544s] --   Found libzip, version 1.7.3
[1.573s] -- Found ZIP: TRUE  
[1.573s] -- Looking for ignition-common3 -- found version 3.14.0
[1.574s] -- Looking for ignition-math6 -- found version 6.15.1
[1.574s] -- Looking for ignition-msgs5 -- found version 5.8.1
[1.576s] -- Gazebo version: 11.10
[1.576s] -- Checking for module 'tbb'
[1.586s] --   Found tbb, version 2021.5.0
[1.616s] -- Found robot_state_publisher: 3.0.3 (/opt/ros/humble/share/robot_state_publisher/cmake)
[1.622s] -- Found eigen3_cmake_module: 0.1.1 (/opt/ros/humble/share/eigen3_cmake_module/cmake)
[1.623s] -- Found Eigen3: TRUE (found version "3.4.0") 
[1.623s] -- Ensuring Eigen3 include directory is part of orocos-kdl CMake target
[1.713s] -- Configuring done
[1.718s] -- Generating done
[1.721s] -- Build files have been written to: /home/william/karura-2025/ros2_ws/build/my_rover
[1.732s] Invoked command in '/home/william/karura-2025/ros2_ws/build/my_rover' returned '0': CMAKE_PREFIX_PATH=${CMAKE_PREFIX_PATH}:/opt/ros/humble /usr/bin/cmake /home/william/karura-2025/ros2_ws/src/my_rover -DAMENT_CMAKE_SYMLINK_INSTALL=1 -DCMAKE_INSTALL_PREFIX=/home/william/karura-2025/ros2_ws/install/my_rover
[1.733s] Invoking command in '/home/william/karura-2025/ros2_ws/build/my_rover': CMAKE_PREFIX_PATH=${CMAKE_PREFIX_PATH}:/opt/ros/humble /usr/bin/cmake --build /home/william/karura-2025/ros2_ws/build/my_rover -- -j16 -l16
[1.775s] Invoked command in '/home/william/karura-2025/ros2_ws/build/my_rover' returned '0': CMAKE_PREFIX_PATH=${CMAKE_PREFIX_PATH}:/opt/ros/humble /usr/bin/cmake --build /home/william/karura-2025/ros2_ws/build/my_rover -- -j16 -l16
[1.784s] Invoking command in '/home/william/karura-2025/ros2_ws/build/my_rover': CMAKE_PREFIX_PATH=${CMAKE_PREFIX_PATH}:/opt/ros/humble /usr/bin/cmake --install /home/william/karura-2025/ros2_ws/build/my_rover
[1.791s] -- Install configuration: ""
[1.792s] -- Execute custom install script
[1.792s] -- Symlinking: /home/william/karura-2025/ros2_ws/install/my_rover/share/my_rover/urdf/ros2_control.xacro
[1.801s] -- Symlinking: /home/william/karura-2025/ros2_ws/install/my_rover/share/my_rover/urdf/rover.urdf.xacro
[1.810s] -- Symlinking: /home/william/karura-2025/ros2_ws/install/my_rover/share/my_rover/urdf/wheel_macro.xacro
[1.819s] -- Symlinking: /home/william/karura-2025/ros2_ws/install/my_rover/share/my_rover/config/rover_controllers.yaml
[1.827s] -- Symlinking: /home/william/karura-2025/ros2_ws/install/my_rover/share/my_rover/launch/spawn_rover.launch.py
[1.836s] -- Symlinking: /home/william/karura-2025/ros2_ws/install/my_rover/share/ament_index/resource_index/package_run_dependencies/my_rover
[1.845s] -- Symlinking: /home/william/karura-2025/ros2_ws/install/my_rover/share/ament_index/resource_index/parent_prefix_path/my_rover
[1.854s] -- Symlinking: /home/william/karura-2025/ros2_ws/install/my_rover/share/my_rover/environment/ament_prefix_path.sh
[1.862s] -- Symlinking: /home/william/karura-2025/ros2_ws/install/my_rover/share/my_rover/environment/ament_prefix_path.dsv
[1.871s] -- Symlinking: /home/william/karura-2025/ros2_ws/install/my_rover/share/my_rover/environment/path.sh
[1.880s] -- Symlinking: /home/william/karura-2025/ros2_ws/install/my_rover/share/my_rover/environment/path.dsv
[1.889s] -- Symlinking: /home/william/karura-2025/ros2_ws/install/my_rover/share/my_rover/local_setup.bash
[1.898s] -- Symlinking: /home/william/karura-2025/ros2_ws/install/my_rover/share/my_rover/local_setup.sh
[1.906s] -- Symlinking: /home/william/karura-2025/ros2_ws/install/my_rover/share/my_rover/local_setup.zsh
[1.915s] -- Symlinking: /home/william/karura-2025/ros2_ws/install/my_rover/share/my_rover/local_setup.dsv
[1.921s] -- Symlinking: /home/william/karura-2025/ros2_ws/install/my_rover/share/my_rover/package.dsv
[1.926s] -- Symlinking: /home/william/karura-2025/ros2_ws/install/my_rover/share/ament_index/resource_index/packages/my_rover
[1.932s] -- Symlinking: /home/william/karura-2025/ros2_ws/install/my_rover/share/my_rover/cmake/my_roverConfig.cmake
[1.937s] -- Symlinking: /home/william/karura-2025/ros2_ws/install/my_rover/share/my_rover/cmake/my_roverConfig-version.cmake
[1.942s] -- Symlinking: /home/william/karura-2025/ros2_ws/install/my_rover/share/my_rover/package.xml
[1.952s] Invoked command in '/home/william/karura-2025/ros2_ws/build/my_rover' returned '0': CMAKE_PREFIX_PATH=${CMAKE_PREFIX_PATH}:/opt/ros/humble /usr/bin/cmake --install /home/william/karura-2025/ros2_ws/build/my_rover
