[0.006s] Invoking command in '/home/william/karura-2025/ros2_ws/build/my_rover': CMAKE_PREFIX_PATH=${CMAKE_PREFIX_PATH}:/opt/ros/humble /usr/bin/cmake /home/william/karura-2025/ros2_ws/src/my_rover -DAMENT_CMAKE_SYMLINK_INSTALL=1 -DCMAKE_INSTALL_PREFIX=/home/william/karura-2025/ros2_ws/install/my_rover
[0.053s] -- The C compiler identification is GNU 11.4.0
[0.101s] -- The CXX compiler identification is GNU 11.4.0
[0.108s] -- Detecting C compiler ABI info
[0.167s] -- Detecting C compiler ABI info - done
[0.174s] -- Check for working C compiler: /usr/bin/cc - skipped
[0.174s] -- Detecting C compile features
[0.174s] -- Detecting C compile features - done
[0.177s] -- Detecting CXX compiler ABI info
[0.245s] -- Detecting CXX compiler ABI info - done
[0.253s] -- Check for working CXX compiler: /usr/bin/c++ - skipped
[0.253s] -- Detecting CXX compile features
[0.254s] -- Detecting CXX compile features - done
[0.256s] -- Found ament_cmake: 1.3.12 (/opt/ros/humble/share/ament_cmake/cmake)
[0.370s] -- Found Python3: /usr/bin/python3 (found version "3.10.12") found components: Interpreter 
[0.409s] -- Override CMake install command with custom implementation using symlinks instead of copying resources
[0.436s] -- Found rclcpp: 16.0.15 (/opt/ros/humble/share/rclcpp/cmake)
[0.478s] -- Found rosidl_generator_c: 3.1.7 (/opt/ros/humble/share/rosidl_generator_c/cmake)
[0.481s] -- Found rosidl_adapter: 3.1.7 (/opt/ros/humble/share/rosidl_adapter/cmake)
[0.486s] -- Found rosidl_generator_cpp: 3.1.7 (/opt/ros/humble/share/rosidl_generator_cpp/cmake)
[0.494s] -- Using all available rosidl_typesupport_c: rosidl_typesupport_fastrtps_c;rosidl_typesupport_introspection_c
[0.503s] -- Using all available rosidl_typesupport_cpp: rosidl_typesupport_fastrtps_cpp;rosidl_typesupport_introspection_cpp
[0.530s] -- Found rmw_implementation_cmake: 6.1.2 (/opt/ros/humble/share/rmw_implementation_cmake/cmake)
[0.531s] -- Found rmw_fastrtps_cpp: 6.2.8 (/opt/ros/humble/share/rmw_fastrtps_cpp/cmake)
[0.593s] -- Found OpenSSL: /usr/lib/x86_64-linux-gnu/libcrypto.so (found version "3.0.2")  
[0.611s] -- Found FastRTPS: /opt/ros/humble/include  
[0.639s] -- Using RMW implementation 'rmw_fastrtps_cpp' as default
[0.644s] -- Looking for pthread.h
[0.716s] -- Looking for pthread.h - found
[0.716s] -- Performing Test CMAKE_HAVE_LIBC_PTHREAD
[0.789s] -- Performing Test CMAKE_HAVE_LIBC_PTHREAD - Success
[0.790s] -- Found Threads: TRUE  
[0.845s] -- Found ros2_control: 2.52.0 (/opt/ros/humble/share/ros2_control/cmake)
[0.847s] -- Found controller_manager: 2.52.0 (/opt/ros/humble/share/controller_manager/cmake)
[0.966s] -- Found diff_drive_controller: 2.50.0 (/opt/ros/humble/share/diff_drive_controller/cmake)
[1.012s] -- Found gazebo_ros: 3.9.0 (/opt/ros/humble/share/gazebo_ros/cmake)
[1.018s] -- Found PkgConfig: /usr/bin/pkg-config (found version "0.29.2") 
[1.019s] -- Checking for module 'bullet>=2.82'
[1.030s] --   Found bullet, version 3.05
[1.111s] -- Found fcl: /usr/include (found suitable version "0.7.0", minimum required is "0.5.0") 
[1.153s] -- Found assimp: /usr/include (found version "5.2.0") 
[1.165s] -- Found DART: /usr/include (Required is at least version "6.6") found components: dart 
[1.182s] -- Found Boost: /usr/lib/x86_64-linux-gnu/cmake/Boost-1.74.0/BoostConfig.cmake (found suitable version "1.74.0", minimum required is "1.40.0") found components: thread system filesystem program_options regex iostreams date_time 
[1.192s] -- Found Protobuf: /usr/lib/x86_64-linux-gnu/libprotobuf.so (found version "3.12.4") 
[1.195s] -- Looking for ignition-math6 -- found version 6.15.1
[1.198s] -- Searching for dependencies of ignition-math6
[1.199s] -- Looking for OGRE...
[1.200s] -- OGRE_PREFIX_WATCH changed.
[1.203s] -- Checking for module 'OGRE'
[1.213s] --   Found OGRE, version 1.9.0
[1.242s] -- Found Ogre Ghadamon (1.9.0)
[1.246s] -- Found OGRE: optimized;/usr/lib/x86_64-linux-gnu/libOgreMain.so;debug;/usr/lib/x86_64-linux-gnu/libOgreMain.so
[1.253s] -- Looking for OGRE_Paging...
[1.255s] -- Found OGRE_Paging: optimized;/usr/lib/x86_64-linux-gnu/libOgrePaging.so;debug;/usr/lib/x86_64-linux-gnu/libOgrePaging.so
[1.255s] -- Looking for OGRE_Terrain...
[1.258s] -- Found OGRE_Terrain: optimized;/usr/lib/x86_64-linux-gnu/libOgreTerrain.so;debug;/usr/lib/x86_64-linux-gnu/libOgreTerrain.so
[1.258s] -- Looking for OGRE_Property...
[1.261s] -- Found OGRE_Property: optimized;/usr/lib/x86_64-linux-gnu/libOgreProperty.so;debug;/usr/lib/x86_64-linux-gnu/libOgreProperty.so
[1.261s] -- Looking for OGRE_RTShaderSystem...
[1.264s] -- Found OGRE_RTShaderSystem: optimized;/usr/lib/x86_64-linux-gnu/libOgreRTShaderSystem.so;debug;/usr/lib/x86_64-linux-gnu/libOgreRTShaderSystem.so
[1.264s] -- Looking for OGRE_Volume...
[1.266s] -- Found OGRE_Volume: optimized;/usr/lib/x86_64-linux-gnu/libOgreVolume.so;debug;/usr/lib/x86_64-linux-gnu/libOgreVolume.so
[1.266s] -- Looking for OGRE_Overlay...
[1.269s] -- Found OGRE_Overlay: optimized;/usr/lib/x86_64-linux-gnu/libOgreOverlay.so;debug;/usr/lib/x86_64-linux-gnu/libOgreOverlay.so
[1.330s] -- Looking for ignition-math6 -- found version 6.15.1
[1.331s] -- Looking for ignition-transport8 -- found version 8.2.1
[1.331s] -- Searching for dependencies of ignition-transport8
[1.344s] -- Found Protobuf: /usr/lib/x86_64-linux-gnu/libprotobuf.so (found suitable version "3.12.4", minimum required is "3") 
[1.352s] -- Config-file not installed for ZeroMQ -- checking for pkg-config
[1.356s] -- Checking for module 'libzmq >= 4'
[1.366s] --   Found libzmq , version 4.3.4
[1.396s] -- Found ZeroMQ: TRUE (Required is at least version "4") 
[1.400s] -- Checking for module 'uuid'
[1.410s] --   Found uuid, version 2.37.2
[1.440s] -- Found UUID: TRUE  
[1.441s] -- Looking for ignition-msgs5 -- found version 5.8.1
[1.441s] -- Searching for dependencies of ignition-msgs5
[1.455s] -- Looking for ignition-math6 -- found version 6.15.1
[1.459s] -- Checking for module 'tinyxml2'
[1.470s] --   Found tinyxml2, version 9.0.0
[1.499s] -- Looking for ignition-msgs5 -- found version 5.8.1
[1.500s] -- Looking for ignition-common3 -- found version 3.14.0
[1.501s] -- Searching for dependencies of ignition-common3
[1.501s] -- Looking for dlfcn.h - found
[1.501s] -- Looking for libdl - found
[1.502s] -- Found DL: TRUE  
[1.509s] -- Found tinyobjloader: /usr/lib/x86_64-linux-gnu/cmake/tinyobjloader/tinyobjloader-config.cmake (found version "2.0.0") 
[1.510s] -- Searching for <ignition-common3> component [graphics]
[1.511s] -- Looking for ignition-common3-graphics -- found version 3.14.0
[1.511s] -- Searching for dependencies of ignition-common3-graphics
[1.511s] -- Looking for ignition-math6 -- found version 6.15.1
[1.513s] -- Looking for ignition-fuel_tools4 -- found version 4.4.0
[1.513s] -- Searching for dependencies of ignition-fuel_tools4
[1.574s] -- Found CURL: /usr/lib/x86_64-linux-gnu/libcurl.so (found version "7.81.0")  
[1.579s] -- Checking for module 'jsoncpp'
[1.589s] --   Found jsoncpp, version 1.9.5
[1.618s] -- Found JSONCPP: TRUE  
[1.622s] -- Checking for module 'libzip'
[1.632s] --   Found libzip, version 1.7.3
[1.661s] -- Found ZIP: TRUE  
[1.661s] -- Looking for ignition-common3 -- found version 3.14.0
[1.662s] -- Looking for ignition-math6 -- found version 6.15.1
[1.662s] -- Looking for ignition-msgs5 -- found version 5.8.1
[1.664s] -- Gazebo version: 11.10
[1.664s] -- Checking for module 'tbb'
[1.674s] --   Found tbb, version 2021.5.0
[1.704s] -- Found robot_state_publisher: 3.0.3 (/opt/ros/humble/share/robot_state_publisher/cmake)
[1.710s] -- Found eigen3_cmake_module: 0.1.1 (/opt/ros/humble/share/eigen3_cmake_module/cmake)
[1.711s] -- Found Eigen3: TRUE (found version "3.4.0") 
[1.711s] -- Ensuring Eigen3 include directory is part of orocos-kdl CMake target
[1.740s] -- Found xacro: 2.1.1 (/opt/ros/humble/share/xacro/cmake)
[1.786s] -- Configuring done
[1.792s] -- Generating done
[1.794s] -- Build files have been written to: /home/william/karura-2025/ros2_ws/build/my_rover
[1.804s] Invoked command in '/home/william/karura-2025/ros2_ws/build/my_rover' returned '0': CMAKE_PREFIX_PATH=${CMAKE_PREFIX_PATH}:/opt/ros/humble /usr/bin/cmake /home/william/karura-2025/ros2_ws/src/my_rover -DAMENT_CMAKE_SYMLINK_INSTALL=1 -DCMAKE_INSTALL_PREFIX=/home/william/karura-2025/ros2_ws/install/my_rover
[1.806s] Invoking command in '/home/william/karura-2025/ros2_ws/build/my_rover': CMAKE_PREFIX_PATH=${CMAKE_PREFIX_PATH}:/opt/ros/humble /usr/bin/cmake --build /home/william/karura-2025/ros2_ws/build/my_rover -- -j16 -l16
[1.842s] Invoked command in '/home/william/karura-2025/ros2_ws/build/my_rover' returned '0': CMAKE_PREFIX_PATH=${CMAKE_PREFIX_PATH}:/opt/ros/humble /usr/bin/cmake --build /home/william/karura-2025/ros2_ws/build/my_rover -- -j16 -l16
[1.852s] Invoking command in '/home/william/karura-2025/ros2_ws/build/my_rover': CMAKE_PREFIX_PATH=${CMAKE_PREFIX_PATH}:/opt/ros/humble /usr/bin/cmake --install /home/william/karura-2025/ros2_ws/build/my_rover
[1.859s] -- Install configuration: ""
[1.860s] -- Execute custom install script
[1.860s] -- Symlinking: /home/william/karura-2025/ros2_ws/install/my_rover/share/my_rover//launch/spawn_rover.launch.py
[1.870s] -- Symlinking: /home/william/karura-2025/ros2_ws/install/my_rover/share/my_rover//urdf/ros2_control.xacro
[1.875s] -- Symlinking: /home/william/karura-2025/ros2_ws/install/my_rover/share/my_rover//urdf/rover.urdf.xacro
[1.881s] -- Symlinking: /home/william/karura-2025/ros2_ws/install/my_rover/share/my_rover//urdf/rover_base.xacro
[1.886s] -- Symlinking: /home/william/karura-2025/ros2_ws/install/my_rover/share/my_rover//urdf/wheel_macro.xacro
[1.894s] -- Symlinking: /home/william/karura-2025/ros2_ws/install/my_rover/share/my_rover//config/rover_controllers.yaml
[1.903s] -- Symlinking: /home/william/karura-2025/ros2_ws/install/my_rover/share/ament_index/resource_index/package_run_dependencies/my_rover
[1.912s] -- Symlinking: /home/william/karura-2025/ros2_ws/install/my_rover/share/ament_index/resource_index/parent_prefix_path/my_rover
[1.921s] -- Symlinking: /home/william/karura-2025/ros2_ws/install/my_rover/share/my_rover/environment/ament_prefix_path.sh
[1.926s] -- Symlinking: /home/william/karura-2025/ros2_ws/install/my_rover/share/my_rover/environment/ament_prefix_path.dsv
[1.935s] -- Symlinking: /home/william/karura-2025/ros2_ws/install/my_rover/share/my_rover/environment/path.sh
[1.942s] -- Symlinking: /home/william/karura-2025/ros2_ws/install/my_rover/share/my_rover/environment/path.dsv
[1.951s] -- Symlinking: /home/william/karura-2025/ros2_ws/install/my_rover/share/my_rover/local_setup.bash
[1.960s] -- Symlinking: /home/william/karura-2025/ros2_ws/install/my_rover/share/my_rover/local_setup.sh
[1.969s] -- Symlinking: /home/william/karura-2025/ros2_ws/install/my_rover/share/my_rover/local_setup.zsh
[1.978s] -- Symlinking: /home/william/karura-2025/ros2_ws/install/my_rover/share/my_rover/local_setup.dsv
[1.988s] -- Symlinking: /home/william/karura-2025/ros2_ws/install/my_rover/share/my_rover/package.dsv
[1.997s] -- Symlinking: /home/william/karura-2025/ros2_ws/install/my_rover/share/ament_index/resource_index/packages/my_rover
[2.006s] -- Symlinking: /home/william/karura-2025/ros2_ws/install/my_rover/share/my_rover/cmake/my_roverConfig.cmake
[2.015s] -- Symlinking: /home/william/karura-2025/ros2_ws/install/my_rover/share/my_rover/cmake/my_roverConfig-version.cmake
[2.025s] -- Symlinking: /home/william/karura-2025/ros2_ws/install/my_rover/share/my_rover/package.xml
[2.036s] Invoked command in '/home/william/karura-2025/ros2_ws/build/my_rover' returned '0': CMAKE_PREFIX_PATH=${CMAKE_PREFIX_PATH}:/opt/ros/humble /usr/bin/cmake --install /home/william/karura-2025/ros2_ws/build/my_rover
